<?xml version="1.0" encoding="UTF-8"?>
<!-- Generated by org.testng.reporters.JUnitReportReporter -->
<testsuite skipped="0" hostname="DESKTOP-JR88C6M" name="org.tng.Class2" tests="2" failures="0" timestamp="14 Jul 2023 18:16:27 GMT" time="0.765" errors="0">
  <testcase name="tc_1" time="0.734" classname="org.tng.Class2"/>
  <testcase name="tc_3" time="0.031" classname="org.tng.Class2"/>
</testsuite> <!-- org.tng.Class2 -->
